[23-Dec-2016 09:26:40 UTC] PHP Parse error:  syntax error, unexpected ''en'' (T_CONSTANT_ENCAPSED_STRING), expecting ')' in /Applications/MAMP/htdocs/Ariez/craft/config/general.php on line 27
[23-Dec-2016 09:26:43 UTC] PHP Parse error:  syntax error, unexpected ''en'' (T_CONSTANT_ENCAPSED_STRING), expecting ')' in /Applications/MAMP/htdocs/Ariez/craft/config/general.php on line 27
[23-Dec-2016 09:27:23 UTC] PHP Parse error:  syntax error, unexpected ''en'' (T_CONSTANT_ENCAPSED_STRING), expecting ')' in /Applications/MAMP/htdocs/Ariez/craft/config/general.php on line 27
[23-Dec-2016 09:27:46 UTC] PHP Parse error:  syntax error, unexpected ''en'' (T_CONSTANT_ENCAPSED_STRING), expecting ')' in /Applications/MAMP/htdocs/Ariez/craft/config/general.php on line 27
[23-Dec-2016 09:28:10 UTC] PHP Parse error:  syntax error, unexpected ''en'' (T_CONSTANT_ENCAPSED_STRING), expecting ')' in /Applications/MAMP/htdocs/Ariez/craft/config/general.php on line 27
[23-Dec-2016 09:28:23 UTC] PHP Parse error:  syntax error, unexpected ''en'' (T_CONSTANT_ENCAPSED_STRING), expecting ')' in /Applications/MAMP/htdocs/Ariez/craft/config/general.php on line 27
[23-Dec-2016 09:28:36 UTC] PHP Parse error:  syntax error, unexpected ''en'' (T_CONSTANT_ENCAPSED_STRING), expecting ')' in /Applications/MAMP/htdocs/Ariez/craft/config/general.php on line 27
[23-Dec-2016 09:28:51 UTC] PHP Parse error:  syntax error, unexpected ''en'' (T_CONSTANT_ENCAPSED_STRING), expecting ')' in /Applications/MAMP/htdocs/Ariez/craft/config/general.php on line 27
[23-Dec-2016 09:29:23 UTC] PHP Parse error:  syntax error, unexpected ''en'' (T_CONSTANT_ENCAPSED_STRING), expecting ')' in /Applications/MAMP/htdocs/Ariez/craft/config/general.php on line 27
[23-Dec-2016 09:30:23 UTC] PHP Parse error:  syntax error, unexpected ''en'' (T_CONSTANT_ENCAPSED_STRING), expecting ')' in /Applications/MAMP/htdocs/Ariez/craft/config/general.php on line 27
[09-Mar-2017 16:46:55 Europe/Amsterdam] PHP Fatal error:  Uncaught exception 'Dotenv\Exception\InvalidFileException' with message 'Dotenv values containing spaces must be surrounded by quotes.' in /Applications/MAMP/htdocs/ariez/vendor/vlucas/phpdotenv/src/Loader.php:228
Stack trace:
#0 /Applications/MAMP/htdocs/ariez/vendor/vlucas/phpdotenv/src/Loader.php(97): Dotenv\Loader->sanitiseVariableValue('APP_DEBUG', 'true APP_ENV=lo...')
#1 /Applications/MAMP/htdocs/ariez/vendor/vlucas/phpdotenv/src/Loader.php(330): Dotenv\Loader->normaliseEnvironmentVariable('APP_DEBUG=true ...', NULL)
#2 /Applications/MAMP/htdocs/ariez/vendor/vlucas/phpdotenv/src/Loader.php(58): Dotenv\Loader->setEnvironmentVariable('APP_DEBUG=true ...')
#3 /Applications/MAMP/htdocs/ariez/vendor/vlucas/phpdotenv/src/Dotenv.php(91): Dotenv\Loader->load()
#4 /Applications/MAMP/htdocs/ariez/vendor/vlucas/phpdotenv/src/Dotenv.php(48): Dotenv\Dotenv->loadData()
#5 /Applications/MAMP/htdocs/ariez/vendor/laravel/framework/src/Illuminate/Foundation/Bootstrap/DetectEnvironment.php(24): Dotenv\Dotenv->load()
#6 / in /Applications/MAMP/htdocs/ariez/vendor/vlucas/phpdotenv/src/Loader.php on line 228
[09-Mar-2017 16:55:34 Europe/Amsterdam] PHP Fatal error:  Uncaught Dotenv\Exception\InvalidFileException: Dotenv values containing spaces must be surrounded by quotes. in /Applications/MAMP/htdocs/ariez/vendor/vlucas/phpdotenv/src/Loader.php:228
Stack trace:
#0 /Applications/MAMP/htdocs/ariez/vendor/vlucas/phpdotenv/src/Loader.php(97): Dotenv\Loader->sanitiseVariableValue('APP_DEBUG', 'true APP_ENV=lo...')
#1 /Applications/MAMP/htdocs/ariez/vendor/vlucas/phpdotenv/src/Loader.php(330): Dotenv\Loader->normaliseEnvironmentVariable('APP_DEBUG', 'true APP_ENV=lo...')
#2 /Applications/MAMP/htdocs/ariez/vendor/vlucas/phpdotenv/src/Loader.php(58): Dotenv\Loader->setEnvironmentVariable('APP_DEBUG=true ...')
#3 /Applications/MAMP/htdocs/ariez/vendor/vlucas/phpdotenv/src/Dotenv.php(91): Dotenv\Loader->load()
#4 /Applications/MAMP/htdocs/ariez/vendor/vlucas/phpdotenv/src/Dotenv.php(48): Dotenv\Dotenv->loadData()
#5 /Applications/MAMP/htdocs/ariez/vendor/laravel/framework/src/Illuminate/Foundation/Bootstrap/DetectEnvironment.php(24): Dotenv\Dotenv->load()
#6 /Applications/MAMP/h in /Applications/MAMP/htdocs/ariez/vendor/vlucas/phpdotenv/src/Loader.php on line 228
[09-Mar-2017 16:55:35 Europe/Amsterdam] PHP Fatal error:  Uncaught Dotenv\Exception\InvalidFileException: Dotenv values containing spaces must be surrounded by quotes. in /Applications/MAMP/htdocs/ariez/vendor/vlucas/phpdotenv/src/Loader.php:228
Stack trace:
#0 /Applications/MAMP/htdocs/ariez/vendor/vlucas/phpdotenv/src/Loader.php(97): Dotenv\Loader->sanitiseVariableValue('APP_DEBUG', 'true APP_ENV=lo...')
#1 /Applications/MAMP/htdocs/ariez/vendor/vlucas/phpdotenv/src/Loader.php(330): Dotenv\Loader->normaliseEnvironmentVariable('APP_DEBUG', 'true APP_ENV=lo...')
#2 /Applications/MAMP/htdocs/ariez/vendor/vlucas/phpdotenv/src/Loader.php(58): Dotenv\Loader->setEnvironmentVariable('APP_DEBUG=true ...')
#3 /Applications/MAMP/htdocs/ariez/vendor/vlucas/phpdotenv/src/Dotenv.php(91): Dotenv\Loader->load()
#4 /Applications/MAMP/htdocs/ariez/vendor/vlucas/phpdotenv/src/Dotenv.php(48): Dotenv\Dotenv->loadData()
#5 /Applications/MAMP/htdocs/ariez/vendor/laravel/framework/src/Illuminate/Foundation/Bootstrap/DetectEnvironment.php(24): Dotenv\Dotenv->load()
#6 /Applications/MAMP/h in /Applications/MAMP/htdocs/ariez/vendor/vlucas/phpdotenv/src/Loader.php on line 228
[09-Mar-2017 17:04:40 Europe/Amsterdam] PHP Fatal error:  Uncaught Dotenv\Exception\InvalidFileException: Dotenv values containing spaces must be surrounded by quotes. in /Applications/MAMP/htdocs/ariez/vendor/vlucas/phpdotenv/src/Loader.php:228
Stack trace:
#0 /Applications/MAMP/htdocs/ariez/vendor/vlucas/phpdotenv/src/Loader.php(97): Dotenv\Loader->sanitiseVariableValue('APP_DEBUG', 'true APP_ENV=lo...')
#1 /Applications/MAMP/htdocs/ariez/vendor/vlucas/phpdotenv/src/Loader.php(330): Dotenv\Loader->normaliseEnvironmentVariable('APP_DEBUG', 'true APP_ENV=lo...')
#2 /Applications/MAMP/htdocs/ariez/vendor/vlucas/phpdotenv/src/Loader.php(58): Dotenv\Loader->setEnvironmentVariable('APP_DEBUG=true ...')
#3 /Applications/MAMP/htdocs/ariez/vendor/vlucas/phpdotenv/src/Dotenv.php(91): Dotenv\Loader->load()
#4 /Applications/MAMP/htdocs/ariez/vendor/vlucas/phpdotenv/src/Dotenv.php(48): Dotenv\Dotenv->loadData()
#5 /Applications/MAMP/htdocs/ariez/vendor/laravel/framework/src/Illuminate/Foundation/Bootstrap/DetectEnvironment.php(24): Dotenv\Dotenv->load()
#6 /Applications/MAMP/h in /Applications/MAMP/htdocs/ariez/vendor/vlucas/phpdotenv/src/Loader.php on line 228
[09-Mar-2017 17:04:42 Europe/Amsterdam] PHP Fatal error:  Uncaught Dotenv\Exception\InvalidFileException: Dotenv values containing spaces must be surrounded by quotes. in /Applications/MAMP/htdocs/ariez/vendor/vlucas/phpdotenv/src/Loader.php:228
Stack trace:
#0 /Applications/MAMP/htdocs/ariez/vendor/vlucas/phpdotenv/src/Loader.php(97): Dotenv\Loader->sanitiseVariableValue('APP_DEBUG', 'true APP_ENV=lo...')
#1 /Applications/MAMP/htdocs/ariez/vendor/vlucas/phpdotenv/src/Loader.php(330): Dotenv\Loader->normaliseEnvironmentVariable('APP_DEBUG', 'true APP_ENV=lo...')
#2 /Applications/MAMP/htdocs/ariez/vendor/vlucas/phpdotenv/src/Loader.php(58): Dotenv\Loader->setEnvironmentVariable('APP_DEBUG=true ...')
#3 /Applications/MAMP/htdocs/ariez/vendor/vlucas/phpdotenv/src/Dotenv.php(91): Dotenv\Loader->load()
#4 /Applications/MAMP/htdocs/ariez/vendor/vlucas/phpdotenv/src/Dotenv.php(48): Dotenv\Dotenv->loadData()
#5 /Applications/MAMP/htdocs/ariez/vendor/laravel/framework/src/Illuminate/Foundation/Bootstrap/DetectEnvironment.php(24): Dotenv\Dotenv->load()
#6 /Applications/MAMP/h in /Applications/MAMP/htdocs/ariez/vendor/vlucas/phpdotenv/src/Loader.php on line 228
[09-Mar-2017 17:05:53 Europe/Amsterdam] PHP Fatal error:  Uncaught Dotenv\Exception\InvalidFileException: Dotenv values containing spaces must be surrounded by quotes. in /Applications/MAMP/htdocs/ariez/vendor/vlucas/phpdotenv/src/Loader.php:228
Stack trace:
#0 /Applications/MAMP/htdocs/ariez/vendor/vlucas/phpdotenv/src/Loader.php(97): Dotenv\Loader->sanitiseVariableValue('APP_DEBUG', 'true APP_ENV=lo...')
#1 /Applications/MAMP/htdocs/ariez/vendor/vlucas/phpdotenv/src/Loader.php(330): Dotenv\Loader->normaliseEnvironmentVariable('APP_DEBUG', 'true APP_ENV=lo...')
#2 /Applications/MAMP/htdocs/ariez/vendor/vlucas/phpdotenv/src/Loader.php(58): Dotenv\Loader->setEnvironmentVariable('APP_DEBUG=true ...')
#3 /Applications/MAMP/htdocs/ariez/vendor/vlucas/phpdotenv/src/Dotenv.php(91): Dotenv\Loader->load()
#4 /Applications/MAMP/htdocs/ariez/vendor/vlucas/phpdotenv/src/Dotenv.php(48): Dotenv\Dotenv->loadData()
#5 /Applications/MAMP/htdocs/ariez/vendor/laravel/framework/src/Illuminate/Foundation/Bootstrap/DetectEnvironment.php(24): Dotenv\Dotenv->load()
#6 /Applications/MAMP/h in /Applications/MAMP/htdocs/ariez/vendor/vlucas/phpdotenv/src/Loader.php on line 228
[09-Mar-2017 17:05:54 Europe/Amsterdam] PHP Fatal error:  Uncaught Dotenv\Exception\InvalidFileException: Dotenv values containing spaces must be surrounded by quotes. in /Applications/MAMP/htdocs/ariez/vendor/vlucas/phpdotenv/src/Loader.php:228
Stack trace:
#0 /Applications/MAMP/htdocs/ariez/vendor/vlucas/phpdotenv/src/Loader.php(97): Dotenv\Loader->sanitiseVariableValue('APP_DEBUG', 'true APP_ENV=lo...')
#1 /Applications/MAMP/htdocs/ariez/vendor/vlucas/phpdotenv/src/Loader.php(330): Dotenv\Loader->normaliseEnvironmentVariable('APP_DEBUG', 'true APP_ENV=lo...')
#2 /Applications/MAMP/htdocs/ariez/vendor/vlucas/phpdotenv/src/Loader.php(58): Dotenv\Loader->setEnvironmentVariable('APP_DEBUG=true ...')
#3 /Applications/MAMP/htdocs/ariez/vendor/vlucas/phpdotenv/src/Dotenv.php(91): Dotenv\Loader->load()
#4 /Applications/MAMP/htdocs/ariez/vendor/vlucas/phpdotenv/src/Dotenv.php(48): Dotenv\Dotenv->loadData()
#5 /Applications/MAMP/htdocs/ariez/vendor/laravel/framework/src/Illuminate/Foundation/Bootstrap/DetectEnvironment.php(24): Dotenv\Dotenv->load()
#6 /Applications/MAMP/h in /Applications/MAMP/htdocs/ariez/vendor/vlucas/phpdotenv/src/Loader.php on line 228
[09-Mar-2017 17:09:00 Europe/Amsterdam] PHP Fatal error:  Uncaught Dotenv\Exception\InvalidFileException: Dotenv values containing spaces must be surrounded by quotes. in /Applications/MAMP/htdocs/ariez/vendor/vlucas/phpdotenv/src/Loader.php:228
Stack trace:
#0 /Applications/MAMP/htdocs/ariez/vendor/vlucas/phpdotenv/src/Loader.php(97): Dotenv\Loader->sanitiseVariableValue('APP_DEBUG', 'true APP_ENV=lo...')
#1 /Applications/MAMP/htdocs/ariez/vendor/vlucas/phpdotenv/src/Loader.php(330): Dotenv\Loader->normaliseEnvironmentVariable('APP_DEBUG', 'true APP_ENV=lo...')
#2 /Applications/MAMP/htdocs/ariez/vendor/vlucas/phpdotenv/src/Loader.php(58): Dotenv\Loader->setEnvironmentVariable('APP_DEBUG=true ...')
#3 /Applications/MAMP/htdocs/ariez/vendor/vlucas/phpdotenv/src/Dotenv.php(91): Dotenv\Loader->load()
#4 /Applications/MAMP/htdocs/ariez/vendor/vlucas/phpdotenv/src/Dotenv.php(48): Dotenv\Dotenv->loadData()
#5 /Applications/MAMP/htdocs/ariez/vendor/laravel/framework/src/Illuminate/Foundation/Bootstrap/DetectEnvironment.php(24): Dotenv\Dotenv->load()
#6 /Applications/MAMP/h in /Applications/MAMP/htdocs/ariez/vendor/vlucas/phpdotenv/src/Loader.php on line 228
